<?xml version="1.0" encoding="UTF-8"?>
<testsuite name="edu.uoc.pac3.AlbumTest" tests="17" skipped="0" failures="0" errors="0" timestamp="2023-04-30T19:48:39" hostname="DSR" time="0.019">
  <properties/>
  <testcase name="Sanity - Methods definition" classname="edu.uoc.pac3.AlbumTest" time="0.002"/>
  <testcase name="testGetTrack()" classname="edu.uoc.pac3.AlbumTest" time="0.001"/>
  <testcase name="isInTheAlbum()" classname="edu.uoc.pac3.AlbumTest" time="0.0"/>
  <testcase name="testSetAvailableOnline()" classname="edu.uoc.pac3.AlbumTest" time="0.001"/>
  <testcase name="testGetFormattedReleaseDate()" classname="edu.uoc.pac3.AlbumTest" time="0.007"/>
  <testcase name="testSetArtist()" classname="edu.uoc.pac3.AlbumTest" time="0.0"/>
  <testcase name="testSetReleaseDate()" classname="edu.uoc.pac3.AlbumTest" time="0.0"/>
  <testcase name="testAlbum1()" classname="edu.uoc.pac3.AlbumTest" time="0.001"/>
  <testcase name="testAlbum2()" classname="edu.uoc.pac3.AlbumTest" time="0.0"/>
  <testcase name="testAlbum3()" classname="edu.uoc.pac3.AlbumTest" time="0.0"/>
  <testcase name="getTotalDuration()" classname="edu.uoc.pac3.AlbumTest" time="0.001"/>
  <testcase name="Sanity - Fields definition" classname="edu.uoc.pac3.AlbumTest" time="0.0"/>
  <testcase name="testGetTracks()" classname="edu.uoc.pac3.AlbumTest" time="0.001"/>
  <testcase name="testSetAlbumCover()" classname="edu.uoc.pac3.AlbumTest" time="0.0"/>
  <testcase name="testSetGenre()" classname="edu.uoc.pac3.AlbumTest" time="0.001"/>
  <testcase name="testSetPrice()" classname="edu.uoc.pac3.AlbumTest" time="0.001"/>
  <testcase name="testSetTitle()" classname="edu.uoc.pac3.AlbumTest" time="0.0"/>
  <system-out><![CDATA[]]></system-out>
  <system-err><![CDATA[]]></system-err>
</testsuite>
